<?xml version="1.0" encoding="UTF-8"?>
<testng-results ignored="0" total="1" passed="1" failed="0" skipped="0">
  <reporter-output>
  </reporter-output>
  <suite started-at="2025-04-27T10:48:14 IST" name="Default suite" finished-at="2025-04-27T10:48:25 IST" duration-ms="10740">
    <groups>
    </groups>
    <test started-at="2025-04-27T10:48:14 IST" name="Default test" finished-at="2025-04-27T10:48:25 IST" duration-ms="10740">
      <class name="project2.Project2">
        <test-method signature="test1()[pri:0, instance:project2.Project2@408d971b]" started-at="2025-04-27T10:48:14 IST" name="test1" finished-at="2025-04-27T10:48:25 IST" duration-ms="10699" status="PASS">
          <reporter-output>
          </reporter-output>
        </test-method> <!-- test1 -->
      </class> <!-- project2.Project2 -->
    </test> <!-- Default test -->
  </suite> <!-- Default suite -->
</testng-results>
