<?xml version="1.0" encoding="UTF-8"?>
<testng-results ignored="2" total="3" passed="1" failed="0" skipped="0">
  <reporter-output>
  </reporter-output>
  <suite started-at="2025-05-01T21:17:47 IST" name="Default suite" finished-at="2025-05-01T21:17:51 IST" duration-ms="3970">
    <groups>
    </groups>
    <test started-at="2025-05-01T21:17:47 IST" name="Default test" finished-at="2025-05-01T21:17:51 IST" duration-ms="3970">
      <class name="project2.Project2">
        <test-method signature="testHomePageElements()[pri:6, instance:project2.Project2@36ebc363]" started-at="2025-05-01T21:17:47 IST" name="testHomePageElements" finished-at="2025-05-01T21:17:51 IST" duration-ms="3936" status="PASS">
          <reporter-output>
          </reporter-output>
        </test-method> <!-- testHomePageElements -->
      </class> <!-- project2.Project2 -->
    </test> <!-- Default test -->
  </suite> <!-- Default suite -->
</testng-results>
