<?xml version="1.0" encoding="UTF-8"?>
<!-- Generated by org.testng.reporters.JUnitXMLReporter -->
<testsuite ignored="2" hostname="LAPTOP-C9SNNQ6K" failures="0" tests="1" name="Default test" time="3.97" errors="0" timestamp="2025-05-01T21:17:51 IST">
  <testcase classname="project2.Project2" name="testHomePageElements" time="3.936"/>
  <testcase classname="project2.Project2" name="testMumbaiToDelhi" time="0.0">
    <ignored/>
  </testcase> <!-- testMumbaiToDelhi -->
  <testcase classname="project2.Project2" name="testBangaloreToPatna" time="0.0">
    <ignored/>
  </testcase> <!-- testBangaloreToPatna -->
</testsuite> <!-- Default test -->
